<?xml version="1.0" encoding="UTF-8"?>
<!-- Generated by org.testng.reporters.JUnitXMLReporter -->
<testsuite hostname="yanal" ignored="5" name="addTwoNumber" tests="8" failures="8" timestamp="08 Jul 2018 13:52:13 GMT" time="0.107" errors="0">
  <testcase name="addTwoNumber" time="0.023" classname="maven.CalculatorAppTest">
    <failure type="java.lang.NullPointerException">
      <![CDATA[java.lang.NullPointerException
at maven.CalculatorApp.operation(CalculatorApp.java:286)
at maven.CalculatorAppTest.addTwoNumber(CalculatorAppTest.java:48)
... Removed 25 stack frames]]>
    </failure>
  </testcase> <!-- addTwoNumber -->
  <testcase name="divideByZero" time="0.003" classname="maven.CalculatorAppTest">
    <failure type="java.lang.NullPointerException">
      <![CDATA[java.lang.NullPointerException
at maven.CalculatorApp.operation(CalculatorApp.java:286)
at maven.CalculatorAppTest.divideByZero(CalculatorAppTest.java:80)
... Removed 25 stack frames]]>
    </failure>
  </testcase> <!-- divideByZero -->
  <testcase name="divideOddByEven" time="0.002" classname="maven.CalculatorAppTest">
    <failure type="java.lang.NullPointerException">
      <![CDATA[java.lang.NullPointerException
at maven.CalculatorApp.operation(CalculatorApp.java:286)
at maven.CalculatorAppTest.divideOddByEven(CalculatorAppTest.java:76)
... Removed 25 stack frames]]>
    </failure>
  </testcase> <!-- divideOddByEven -->
  <testcase name="divideTwoNumber" time="0.001" classname="maven.CalculatorAppTest">
    <failure type="java.lang.NullPointerException">
      <![CDATA[java.lang.NullPointerException
at maven.CalculatorApp.operation(CalculatorApp.java:286)
at maven.CalculatorAppTest.divideTwoNumber(CalculatorAppTest.java:56)
... Removed 25 stack frames]]>
    </failure>
  </testcase> <!-- divideTwoNumber -->
  <testcase name="enterNumber" time="0.003" classname="maven.CalculatorAppTest">
    <failure type="java.lang.NullPointerException">
      <![CDATA[java.lang.NullPointerException
at maven.CalculatorApp.operation(CalculatorApp.java:286)
at maven.CalculatorAppTest.enterNumber(CalculatorAppTest.java:72)
... Removed 25 stack frames]]>
    </failure>
  </testcase> <!-- enterNumber -->
  <testcase name="multiplyTwoNumber" time="0.002" classname="maven.CalculatorAppTest">
    <failure type="java.lang.NullPointerException">
      <![CDATA[java.lang.NullPointerException
at maven.CalculatorApp.operation(CalculatorApp.java:286)
at maven.CalculatorAppTest.multiplyTwoNumber(CalculatorAppTest.java:52)
... Removed 25 stack frames]]>
    </failure>
  </testcase> <!-- multiplyTwoNumber -->
  <testcase name="subtractTwoNumber" time="0.002" classname="maven.CalculatorAppTest">
    <failure type="java.lang.NullPointerException">
      <![CDATA[java.lang.NullPointerException
at maven.CalculatorApp.operation(CalculatorApp.java:286)
at maven.CalculatorAppTest.subtractTwoNumber(CalculatorAppTest.java:60)
... Removed 25 stack frames]]>
    </failure>
  </testcase> <!-- subtractTwoNumber -->
  <testcase name="subtractTwoNumberSecondNumberTheBiggest" time="0.002" classname="maven.CalculatorAppTest">
    <failure type="java.lang.NullPointerException">
      <![CDATA[java.lang.NullPointerException
at maven.CalculatorApp.operation(CalculatorApp.java:286)
at maven.CalculatorAppTest.subtractTwoNumberSecondNumberTheBiggest(CalculatorAppTest.java:64)
... Removed 25 stack frames]]>
    </failure>
  </testcase> <!-- subtractTwoNumberSecondNumberTheBiggest -->
  <testcase name="enterEquationWithError" time="0.0" classname="maven.CalculatorAppTest">
    <ignored/>
  </testcase> <!-- enterEquationWithError -->
  <testcase name="enterEquationWithoutNumber" time="0.0" classname="maven.CalculatorAppTest">
    <ignored/>
  </testcase> <!-- enterEquationWithoutNumber -->
  <testcase name="enterDoubleEqualSign" time="0.0" classname="maven.CalculatorAppTest">
    <ignored/>
  </testcase> <!-- enterDoubleEqualSign -->
  <testcase name="enterOneOpretor" time="0.0" classname="maven.CalculatorAppTest">
    <ignored/>
  </testcase> <!-- enterOneOpretor -->
  <testcase name="enterDoubleOpretor" time="0.0" classname="maven.CalculatorAppTest">
    <ignored/>
  </testcase> <!-- enterDoubleOpretor -->
</testsuite> <!-- addTwoNumber -->
