<?xml version="1.0" encoding="UTF-8"?>
<!-- Generated by org.testng.reporters.JUnitXMLReporter -->
<testsuite hostname="yanal" ignored="8" name="Test" tests="5" failures="0" timestamp="09 Jul 2018 07:14:58 GMT" time="0.044" errors="0">
  <testcase name="enterDoubleEqualSign" time="0.004" classname="maven.CalculatorAppTest"/>
  <testcase name="enterDoubleOpretor" time="0.0" classname="maven.CalculatorAppTest"/>
  <testcase name="enterEquationWithError" time="0.016" classname="maven.CalculatorAppTest"/>
  <testcase name="enterEquationWithoutNumber" time="0.0" classname="maven.CalculatorAppTest"/>
  <testcase name="enterOneOpretor" time="0.0" classname="maven.CalculatorAppTest"/>
  <testcase name="subtractTwoNumber" time="0.0" classname="maven.CalculatorAppTest">
    <ignored/>
  </testcase> <!-- subtractTwoNumber -->
  <testcase name="divideByZero" time="0.0" classname="maven.CalculatorAppTest">
    <ignored/>
  </testcase> <!-- divideByZero -->
  <testcase name="addTwoNumber" time="0.0" classname="maven.CalculatorAppTest">
    <ignored/>
  </testcase> <!-- addTwoNumber -->
  <testcase name="divideTwoNumber" time="0.0" classname="maven.CalculatorAppTest">
    <ignored/>
  </testcase> <!-- divideTwoNumber -->
  <testcase name="divideOddByEven" time="0.0" classname="maven.CalculatorAppTest">
    <ignored/>
  </testcase> <!-- divideOddByEven -->
  <testcase name="subtractTwoNumberSecondNumberTheBiggest" time="0.0" classname="maven.CalculatorAppTest">
    <ignored/>
  </testcase> <!-- subtractTwoNumberSecondNumberTheBiggest -->
  <testcase name="multiplyTwoNumber" time="0.0" classname="maven.CalculatorAppTest">
    <ignored/>
  </testcase> <!-- multiplyTwoNumber -->
  <testcase name="enterNumber" time="0.0" classname="maven.CalculatorAppTest">
    <ignored/>
  </testcase> <!-- enterNumber -->
</testsuite> <!-- Test -->
