<?xml version="1.0" encoding="UTF-8"?>
<testng-results skipped="0" failed="0" ignored="1" total="4" passed="3">
  <reporter-output>
  </reporter-output>
  <suite name="Default suite" duration-ms="63" started-at="2018-07-08T12:30:57Z" finished-at="2018-07-08T12:30:57Z">
    <groups>
      <group name="first">
        <method signature="TestDependencTest.test0()[pri:0, instance:testNG.TestDependencTest@1810399e]" name="test0" class="testNG.TestDependencTest"/>
      </group> <!-- first -->
    </groups>
    <test name="Default test" duration-ms="63" started-at="2018-07-08T12:30:57Z" finished-at="2018-07-08T12:30:57Z">
      <class name="testNG.TestDependencTest">
        <test-method status="PASS" signature="test0()[pri:0, instance:testNG.TestDependencTest@1810399e]" name="test0" duration-ms="15" started-at="2018-07-08T12:30:57Z" finished-at="2018-07-08T12:30:57Z">
          <reporter-output>
          </reporter-output>
        </test-method> <!-- test0 -->
        <test-method status="PASS" signature="test2()[pri:0, instance:testNG.TestDependencTest@1810399e]" name="test2" duration-ms="0" depends-on-groups="first" started-at="2018-07-08T12:30:57Z" finished-at="2018-07-08T12:30:57Z">
          <reporter-output>
          </reporter-output>
        </test-method> <!-- test2 -->
        <test-method status="PASS" signature="test1()[pri:0, instance:testNG.TestDependencTest@1810399e]" name="test1" duration-ms="0" depends-on-groups="first" started-at="2018-07-08T12:30:57Z" depends-on-methods="testNG.TestDependencTest.test2" finished-at="2018-07-08T12:30:57Z">
          <reporter-output>
          </reporter-output>
        </test-method> <!-- test1 -->
      </class> <!-- testNG.TestDependencTest -->
    </test> <!-- Default test -->
  </suite> <!-- Default suite -->
</testng-results>
