<?xml version="1.0" encoding="UTF-8"?>
<!-- Generated by org.testng.reporters.JUnitXMLReporter -->
<testsuite hostname="yanal" ignored="0" name="Default test" tests="3" failures="0" timestamp="08 Jul 2018 06:35:43 GMT" time="0.061" errors="0">
  <testcase name="test3" time="0.0" classname="testNG.TestNGAnnotation2"/>
  <testcase name="test1" time="0.0" classname="testNG.TestNGAnnotations"/>
  <testcase name="test2" time="0.004" classname="testNG.TestNGAnnotations"/>
</testsuite> <!-- Default test -->
