<?xml version="1.0" encoding="UTF-8"?>
<!-- Generated by org.testng.reporters.JUnitXMLReporter -->
<testsuite hostname="yanal" ignored="1" name="Default test" tests="3" failures="0" timestamp="08 Jul 2018 12:30:57 GMT" time="0.063" errors="0">
  <testcase name="test0" time="0.015" classname="testNG.TestDependencTest"/>
  <testcase name="test2" time="0.0" classname="testNG.TestDependencTest"/>
  <testcase name="test1" time="0.0" classname="testNG.TestDependencTest"/>
  <testcase name="test4" time="0.0" classname="testNG.TestDependencTest">
    <ignored/>
  </testcase> <!-- test4 -->
</testsuite> <!-- Default test -->
