<?xml version="1.0" encoding="UTF-8"?>
<!-- Generated by org.testng.reporters.JUnitXMLReporter -->
<testsuite hostname="yanal" ignored="0" name="Test" tests="1" failures="1" timestamp="09 Aug 2018 08:34:46 GMT" time="59.011" errors="0">
  <testcase name="openWebDriver" time="58.988" classname="First_Selenium.First_Selenium.GetNameForVidoOnYoutube">
    <failure type="org.openqa.selenium.TimeoutException" message="Expected condition failed: waiting for text to be &amp;quot;Trending&amp;quot;. Current text: &amp;quot;null&amp;quot; (tried for 30 second(s) with 500 milliseconds interval)
Build info: version: &amp;apos;3.14.0&amp;apos;, revision: &amp;apos;aacccce0&amp;apos;, time: &amp;apos;2018-08-02T20:19:58.91Z&amp;apos;
System info: host: &amp;apos;YANAL&amp;apos;, ip: &amp;apos;10.63.10.90&amp;apos;, os.name: &amp;apos;Windows 10&amp;apos;, os.arch: &amp;apos;amd64&amp;apos;, os.version: &amp;apos;10.0&amp;apos;, java.version: &amp;apos;1.8.0_181&amp;apos;
Driver info: org.openqa.selenium.firefox.FirefoxDriver
Capabilities {acceptInsecureCerts: true, browserName: firefox, browserVersion: 61.0.1, javascriptEnabled: true, moz:accessibilityChecks: false, moz:headless: false, moz:processID: 10556, moz:profile: C:\Users\owner\AppData\Loca..., moz:useNonSpecCompliantPointerOrigin: false, moz:webdriverClick: true, pageLoadStrategy: normal, platform: XP, platformName: XP, platformVersion: 10.0, rotatable: false, timeouts: {implicit: 0, pageLoad: 300000, script: 30000}}
Session ID: 112cec7e-e944-4b8d-87ce-a8a70af1d1b6">
      <![CDATA[org.openqa.selenium.TimeoutException: Expected condition failed: waiting for text to be "Trending". Current text: "null" (tried for 30 second(s) with 500 milliseconds interval)
Build info: version: '3.14.0', revision: 'aacccce0', time: '2018-08-02T20:19:58.91Z'
System info: host: 'YANAL', ip: '10.63.10.90', os.name: 'Windows 10', os.arch: 'amd64', os.version: '10.0', java.version: '1.8.0_181'
Driver info: org.openqa.selenium.firefox.FirefoxDriver
Capabilities {acceptInsecureCerts: true, browserName: firefox, browserVersion: 61.0.1, javascriptEnabled: true, moz:accessibilityChecks: false, moz:headless: false, moz:processID: 10556, moz:profile: C:\Users\owner\AppData\Loca..., moz:useNonSpecCompliantPointerOrigin: false, moz:webdriverClick: true, pageLoadStrategy: normal, platform: XP, platformName: XP, platformVersion: 10.0, rotatable: false, timeouts: {implicit: 0, pageLoad: 300000, script: 30000}}
Session ID: 112cec7e-e944-4b8d-87ce-a8a70af1d1b6
at org.openqa.selenium.support.ui.WebDriverWait.timeoutException(WebDriverWait.java:113)
at org.openqa.selenium.support.ui.FluentWait.until(FluentWait.java:283)
at First_Selenium.First_Selenium.GetNameForVidoOnYoutube.openWebDriver(GetNameForVidoOnYoutube.java:35)
... Removed 25 stack frames]]>
    </failure>
  </testcase> <!-- openWebDriver -->
</testsuite> <!-- Test -->
