<?xml version="1.0" encoding="UTF-8"?>
<!-- Generated by org.testng.reporters.JUnitReportReporter -->
<testsuite skipped="0" hostname="yanal" name="maven.CalculatorAppTest" tests="13" failures="0" timestamp="08 Jul 2018 09:55:29 GMT" time="0.016" errors="0">
  <testcase name="enterEquationWithError" time="0.000" classname="maven.CalculatorAppTest"/>
  <testcase name="enterDoubleEqualSign" time="0.000" classname="maven.CalculatorAppTest"/>
  <testcase name="enterEquationWithoutNumber" time="0.000" classname="maven.CalculatorAppTest"/>
  <testcase name="addTwoNumber" time="0.000" classname="maven.CalculatorAppTest"/>
  <testcase name="enterDoubleOpretor" time="0.016" classname="maven.CalculatorAppTest"/>
  <testcase name="divideTwoNumber" time="0.000" classname="maven.CalculatorAppTest"/>
  <testcase name="subtractTwoNumberSecondNumberTheBiggest" time="0.000" classname="maven.CalculatorAppTest"/>
  <testcase name="divideOddByEven" time="0.000" classname="maven.CalculatorAppTest"/>
  <testcase name="multiplyTwoNumber" time="0.000" classname="maven.CalculatorAppTest"/>
  <testcase name="enterOneOpretor" time="0.000" classname="maven.CalculatorAppTest"/>
  <testcase name="subtractTwoNumber" time="0.000" classname="maven.CalculatorAppTest"/>
  <testcase name="divideByZero" time="0.000" classname="maven.CalculatorAppTest"/>
  <testcase name="enterNumber" time="0.000" classname="maven.CalculatorAppTest"/>
</testsuite> <!-- maven.CalculatorAppTest -->
