<?xml version="1.0" encoding="UTF-8"?>
<!-- Generated by org.testng.reporters.JUnitXMLReporter -->
<testsuite hostname="yanal" ignored="0" name="Command line test" tests="13" failures="1" timestamp="05 Jul 2018 12:34:22 GMT" time="0.145" errors="0">
  <testcase name="addTwoNumber" time="0.005" classname="maven.CalculatorAppTest"/>
  <testcase name="divideByZero" time="0.0" classname="maven.CalculatorAppTest"/>
  <testcase name="divideOddByEven" time="0.001" classname="maven.CalculatorAppTest"/>
  <testcase name="divideTwoNumber" time="0.001" classname="maven.CalculatorAppTest"/>
  <testcase name="enterDoubleEqualSign" time="0.003" classname="maven.CalculatorAppTest"/>
  <testcase name="enterDoubleOpretor" time="0.0" classname="maven.CalculatorAppTest"/>
  <testcase name="enterEquationWithError" time="0.0" classname="maven.CalculatorAppTest"/>
  <testcase name="enterEquationWithoutNumber" time="0.0" classname="maven.CalculatorAppTest"/>
  <testcase name="enterNumber" time="0.001" classname="maven.CalculatorAppTest"/>
  <testcase name="enterOneOpretor" time="0.001" classname="maven.CalculatorAppTest"/>
  <testcase name="multiplyTwoNumber" time="0.001" classname="maven.CalculatorAppTest"/>
  <testcase name="subtractTwoNumber" time="0.002" classname="maven.CalculatorAppTest">
    <failure type="java.lang.AssertionError" message="Subtract two number (10-3) expected [3.0] but found [2.0]">
      <![CDATA[java.lang.AssertionError: Subtract two number (10-3) expected [3.0] but found [2.0]
at maven.CalculatorAppTest.subtractTwoNumber(CalculatorAppTest.java:62)
... Removed 39 stack frames]]>
    </failure>
  </testcase> <!-- subtractTwoNumber -->
  <testcase name="subtractTwoNumberSecondNumberTheBiggest" time="0.004" classname="maven.CalculatorAppTest"/>
</testsuite> <!-- Command line test -->
