<?xml version="1.0" encoding="UTF-8"?>
<!-- Generated by org.testng.reporters.JUnitXMLReporter -->
<testsuite hostname="yanal" ignored="1" name="Default test" tests="1" failures="0" timestamp="31 Jul 2018 06:30:38 GMT" time="6.239" errors="0">
  <testcase name="comparisonBetweenTelnetOutputAndSnmpOutput" time="6.203" classname="telnet.TelnetConection.TelnetConnection_Smnp_Test"/>
  <testcase name="upgradeSoftwareImage" time="0.0" classname="telnet.TelnetConection.TelnetConnection_Smnp_Test">
    <ignored/>
  </testcase> <!-- upgradeSoftwareImage -->
</testsuite> <!-- Default test -->
