<?xml version="1.0" encoding="UTF-8"?>
<!-- Generated by org.testng.reporters.JUnitXMLReporter -->
<testsuite hostname="yanal" ignored="0" name="Default test" tests="13" failures="0" timestamp="05 Aug 2018 11:57:15 GMT" time="0.146" errors="0">
  <testcase name="addTwoNumber" time="0.008" classname="maven.CalculatorAppTest"/>
  <testcase name="divideByZero" time="0.005" classname="maven.CalculatorAppTest"/>
  <testcase name="divideOddByEven" time="0.003" classname="maven.CalculatorAppTest"/>
  <testcase name="divideTwoNumber" time="0.002" classname="maven.CalculatorAppTest"/>
  <testcase name="enterDoubleEqualSign" time="0.002" classname="maven.CalculatorAppTest"/>
  <testcase name="enterDoubleOpretor" time="0.003" classname="maven.CalculatorAppTest"/>
  <testcase name="enterEquationWithError" time="0.005" classname="maven.CalculatorAppTest"/>
  <testcase name="enterEquationWithoutNumber" time="0.002" classname="maven.CalculatorAppTest"/>
  <testcase name="enterNumber" time="0.005" classname="maven.CalculatorAppTest"/>
  <testcase name="enterOneOpretor" time="0.004" classname="maven.CalculatorAppTest"/>
  <testcase name="multiplyTwoNumber" time="0.003" classname="maven.CalculatorAppTest"/>
  <testcase name="subtractTwoNumber" time="0.004" classname="maven.CalculatorAppTest"/>
  <testcase name="subtractTwoNumberSecondNumberTheBiggest" time="0.001" classname="maven.CalculatorAppTest"/>
</testsuite> <!-- Default test -->
