<?xml version="1.0" encoding="UTF-8"?>
<!-- Generated by org.testng.reporters.JUnitXMLReporter -->
<testsuite hostname="yanal" ignored="0" name="Default test" tests="13" failures="0" timestamp="08 Jul 2018 10:28:47 GMT" time="0.11" errors="0">
  <testcase name="addTwoNumber" time="0.0" classname="maven.CalculatorAppTest"/>
  <testcase name="divideByZero" time="0.0" classname="maven.CalculatorAppTest"/>
  <testcase name="divideOddByEven" time="0.0" classname="maven.CalculatorAppTest"/>
  <testcase name="divideTwoNumber" time="0.0" classname="maven.CalculatorAppTest"/>
  <testcase name="enterDoubleEqualSign" time="0.016" classname="maven.CalculatorAppTest"/>
  <testcase name="enterDoubleOpretor" time="0.0" classname="maven.CalculatorAppTest"/>
  <testcase name="enterEquationWithError" time="0.0" classname="maven.CalculatorAppTest"/>
  <testcase name="enterEquationWithoutNumber" time="0.0" classname="maven.CalculatorAppTest"/>
  <testcase name="enterNumber" time="0.0" classname="maven.CalculatorAppTest"/>
  <testcase name="enterOneOpretor" time="0.0" classname="maven.CalculatorAppTest"/>
  <testcase name="multiplyTwoNumber" time="0.0" classname="maven.CalculatorAppTest"/>
  <testcase name="subtractTwoNumber" time="0.016" classname="maven.CalculatorAppTest"/>
  <testcase name="subtractTwoNumberSecondNumberTheBiggest" time="0.0" classname="maven.CalculatorAppTest"/>
</testsuite> <!-- Default test -->
