-------------------------------------------------------------------------------
Test set: TestSuite
-------------------------------------------------------------------------------
Tests run: 1, Failures: 1, Errors: 0, Skipped: 0, Time elapsed: 1.221 s <<< FAILURE! - in TestSuite
openWebDriver(First_Selenium.First_Selenium.GetNameForVidoOnYoutube)  Time elapsed: 0.193 s  <<< FAILURE!
java.lang.IllegalStateException: The path to the driver executable must be set by the webdriver.gecko.driver system property; for more information, see https://github.com/mozilla/geckodriver. The latest version can be downloaded from https://github.com/mozilla/geckodriver/releases
	at First_Selenium.First_Selenium.GetNameForVidoOnYoutube.openWebDriver(GetNameForVidoOnYoutube.java:16)

